<?xml version="1.0" encoding="UTF-8"?>
<!-- Generated by org.testng.reporters.JUnitReportReporter -->
<testsuite hostname="DESKTOP-PBL24PS" failures="0" tests="1" name="com.qa.tests.HomePageTest" time="34.869" errors="0" timestamp="2021-04-28T08:04:28 IST" skipped="0">
  <testcase classname="com.qa.tests.HomePageTest" name="clickOnBookstoreApplication" time="34.869"/>
  <system-out>
Opening the browser Maximizing the window Scrolling down Clicked on the bookstoreapplication Verified new page loaded  </system-out>
</testsuite> <!-- com.qa.tests.HomePageTest -->
